# Java VM: OpenJDK 64-Bit Server VM (17.0.7+0-b2043.56-10550314, mixed mode, tiered, compressed oops, compressed class ptrs, g1 gc, windows-amd64)
GC Precious Log:
 CPUs: 8 total, 8 available
 Memory: 8029M
 Large Page Support: Disabled
 NUMA Support: Disabled
 Compressed Oops: Enabled (32-bit)
 Heap Region Size: 1M
 Heap Min Capacity: 8M
 Heap Initial Capacity: 126M
 Heap Max Capacity: 2G
 Pre-touch: Disabled
 Parallel Workers: 8
 Concurrent Workers: 2
 Concurrent Refinement Workers: 8
 Periodic GC: Disabled
Heap:
 garbage-first heap   total 82944K, used 54409K [0x0000000080000000, 0x0000000100000000)
  region size 1024K, 26 young (26624K), 4 survivors (4096K)
 Metaspace       used 52595K, committed 53056K, reserved 1114112K
  class space    used 7093K, committed 7296K, reserved 1048576K
GC Heap History (20 events):
Event: 0.728 GC heap before
{Heap before GC invocations=1 (full 0):
 garbage-first heap   total 129024K, used 39347K [0x0000000080000000, 0x0000000100000000)
  region size 1024K, 31 young (31744K), 3 survivors (3072K)
 Metaspace       used 11450K, committed 11648K, reserved 1114112K
  class space    used 1196K, committed 1280K, reserved 1048576K
}
Event: 0.732 GC heap after
{Heap after GC invocations=2 (full 0):
 garbage-first heap   total 129024K, used 13385K [0x0000000080000000, 0x0000000100000000)
  region size 1024K, 3 young (3072K), 3 survivors (3072K)
 Metaspace       used 11450K, committed 11648K, reserved 1114112K
  class space    used 1196K, committed 1280K, reserved 1048576K
}
Event: 1.416 GC heap before
{Heap before GC invocations=2 (full 0):
 garbage-first heap   total 129024K, used 58441K [0x0000000080000000, 0x0000000100000000)
  region size 1024K, 48 young (49152K), 3 survivors (3072K)
 Metaspace       used 21327K, committed 21504K, reserved 1114112K
  class space    used 2578K, committed 2688K, reserved 1048576K
}
Event: 1.421 GC heap after
{Heap after GC invocations=3 (full 0):
 garbage-first heap   total 129024K, used 18393K [0x0000000080000000, 0x0000000100000000)
  region size 1024K, 8 young (8192K), 8 survivors (8192K)
 Metaspace       used 21327K, committed 21504K, reserved 1114112K
  class space    used 2578K, committed 2688K, reserved 1048576K
}
Event: 1.902 GC heap before
{Heap before GC invocations=4 (full 0):
 garbage-first heap   total 68608K, used 50137K [0x0000000080000000, 0x0000000100000000)
  region size 1024K, 40 young (40960K), 8 survivors (8192K)
 Metaspace       used 25995K, committed 26240K, reserved 1114112K
  class space    used 3394K, committed 3520K, reserved 1048576K
}
Event: 1.908 GC heap after
{Heap after GC invocations=5 (full 0):
 garbage-first heap   total 68608K, used 20373K [0x0000000080000000, 0x0000000100000000)
  region size 1024K, 3 young (3072K), 3 survivors (3072K)
 Metaspace       used 25995K, committed 26240K, reserved 1114112K
  class space    used 3394K, committed 3520K, reserved 1048576K
}
Event: 2.283 GC heap before
{Heap before GC invocations=5 (full 0):
 garbage-first heap   total 68608K, used 46997K [0x0000000080000000, 0x0000000100000000)
  region size 1024K, 29 young (29696K), 3 survivors (3072K)
 Metaspace       used 29707K, committed 29952K, reserved 1114112K
  class space    used 3992K, committed 4096K, reserved 1048576K
}
Event: 2.286 GC heap after
{Heap after GC invocations=6 (full 0):
 garbage-first heap   total 68608K, used 21567K [0x0000000080000000, 0x0000000100000000)
  region size 1024K, 4 young (4096K), 4 survivors (4096K)
 Metaspace       used 29707K, committed 29952K, reserved 1114112K
  class space    used 3992K, committed 4096K, reserved 1048576K
}
Event: 2.562 GC heap before
{Heap before GC invocations=6 (full 0):
 garbage-first heap   total 68608K, used 49215K [0x0000000080000000, 0x0000000100000000)
  region size 1024K, 31 young (31744K), 4 survivors (4096K)
 Metaspace       used 33345K, committed 33664K, reserved 1114112K
  class space    used 4581K, committed 4736K, reserved 1048576K
}
Event: 2.565 GC heap after
{Heap after GC invocations=7 (full 0):
 garbage-first heap   total 68608K, used 22792K [0x0000000080000000, 0x0000000100000000)
  region size 1024K, 3 young (3072K), 3 survivors (3072K)
 Metaspace       used 33345K, committed 33664K, reserved 1114112K
  class space    used 4581K, committed 4736K, reserved 1048576K
}
Event: 2.769 GC heap before
{Heap before GC invocations=7 (full 0):
 garbage-first heap   total 68608K, used 36104K [0x0000000080000000, 0x0000000100000000)
  region size 1024K, 17 young (17408K), 3 survivors (3072K)
 Metaspace       used 35780K, committed 36096K, reserved 1114112K
  class space    used 4953K, committed 5120K, reserved 1048576K
}
Event: 2.772 GC heap after
{Heap after GC invocations=8 (full 0):
 garbage-first heap   total 68608K, used 23871K [0x0000000080000000, 0x0000000100000000)
  region size 1024K, 3 young (3072K), 3 survivors (3072K)
 Metaspace       used 35780K, committed 36096K, reserved 1114112K
  class space    used 4953K, committed 5120K, reserved 1048576K
}
Event: 3.083 GC heap before
{Heap before GC invocations=9 (full 0):
 garbage-first heap   total 68608K, used 50495K [0x0000000080000000, 0x0000000100000000)
  region size 1024K, 30 young (30720K), 3 survivors (3072K)
 Metaspace       used 41099K, committed 41472K, reserved 1114112K
  class space    used 5468K, committed 5632K, reserved 1048576K
}
Event: 3.088 GC heap after
{Heap after GC invocations=10 (full 0):
 garbage-first heap   total 68608K, used 27377K [0x0000000080000000, 0x0000000100000000)
  region size 1024K, 4 young (4096K), 4 survivors (4096K)
 Metaspace       used 41099K, committed 41472K, reserved 1114112K
  class space    used 5468K, committed 5632K, reserved 1048576K
}
Event: 3.333 GC heap before
{Heap before GC invocations=10 (full 0):
 garbage-first heap   total 68608K, used 56049K [0x0000000080000000, 0x0000000100000000)
  region size 1024K, 28 young (28672K), 4 survivors (4096K)
 Metaspace       used 43331K, committed 43648K, reserved 1114112K
  class space    used 5688K, committed 5824K, reserved 1048576K
}
Event: 3.337 GC heap after
{Heap after GC invocations=11 (full 0):
 garbage-first heap   total 82944K, used 29476K [0x0000000080000000, 0x0000000100000000)
  region size 1024K, 3 young (3072K), 3 survivors (3072K)
 Metaspace       used 43331K, committed 43648K, reserved 1114112K
  class space    used 5688K, committed 5824K, reserved 1048576K
}
Event: 3.804 GC heap before
{Heap before GC invocations=11 (full 0):
 garbage-first heap   total 82944K, used 63268K [0x0000000080000000, 0x0000000100000000)
  region size 1024K, 34 young (34816K), 3 survivors (3072K)
 Metaspace       used 46318K, committed 46784K, reserved 1114112K
  class space    used 6083K, committed 6336K, reserved 1048576K
}
Event: 3.807 GC heap after
{Heap after GC invocations=12 (full 0):
 garbage-first heap   total 82944K, used 31416K [0x0000000080000000, 0x0000000100000000)
  region size 1024K, 5 young (5120K), 5 survivors (5120K)
 Metaspace       used 46318K, committed 46784K, reserved 1114112K
  class space    used 6083K, committed 6336K, reserved 1048576K
}
Event: 4.493 GC heap before
{Heap before GC invocations=12 (full 0):
 garbage-first heap   total 82944K, used 62136K [0x0000000080000000, 0x0000000100000000)
  region size 1024K, 35 young (35840K), 5 survivors (5120K)
 Metaspace       used 50056K, committed 50496K, reserved 1114112K
  class space    used 6712K, committed 6912K, reserved 1048576K
}
Event: 4.497 GC heap after
{Heap after GC invocations=13 (full 0):
 garbage-first heap   total 82944K, used 32905K [0x0000000080000000, 0x0000000100000000)
  region size 1024K, 4 young (4096K), 4 survivors (4096K)
 Metaspace       used 50056K, committed 50496K, reserved 1114112K
  class space    used 6712K, committed 6912K, reserved 1048576K
}

